This is pdfTeX, Version 3.14159265-2.6-1.40.20 (TeX Live 2019/W32TeX) (preloaded format=pdflatex 2020.1.2)  4 APR 2020 09:47
entering extended mode
 restricted \write18 enabled.
 %&-line parsing enabled.
**lezione8.tex
(./lezione8.tex
LaTeX2e <2019-10-01> patch level 3
(c:/texlive/2019/texmf-dist/tex/latex/base/article.cls
Document Class: article 2019/10/25 v1.4k Standard LaTeX document class
(c:/texlive/2019/texmf-dist/tex/latex/base/size12.clo
File: size12.clo 2019/10/25 v1.4k Standard LaTeX file (size option)
)
\c@part=\count80
\c@section=\count81
\c@subsection=\count82
\c@subsubsection=\count83
\c@paragraph=\count84
\c@subparagraph=\count85
\c@figure=\count86
\c@table=\count87
\abovecaptionskip=\skip41
\belowcaptionskip=\skip42
\bibindent=\dimen102
)
(c:/texlive/2019/texmf-dist/tex/latex/base/inputenc.sty
Package: inputenc 2018/08/11 v1.3c Input encoding file
\inpenc@prehook=\toks14
\inpenc@posthook=\toks15
)
(c:/texlive/2019/texmf-dist/tex/latex/geometry/geometry.sty
Package: geometry 2018/04/16 v5.8 Page Geometry

(c:/texlive/2019/texmf-dist/tex/latex/graphics/keyval.sty
Package: keyval 2014/10/28 v1.15 key=value parser (DPC)
\KV@toks@=\toks16
)
(c:/texlive/2019/texmf-dist/tex/generic/iftex/ifpdf.sty
Package: ifpdf 2019/10/25 v3.4 ifpdf legacy package. Use iftex instead.

(c:/texlive/2019/texmf-dist/tex/generic/iftex/iftex.sty
Package: iftex 2019/11/07 v1.0c TeX engine tests
))
(c:/texlive/2019/texmf-dist/tex/generic/iftex/ifvtex.sty
Package: ifvtex 2019/10/25 v1.7 ifvtex legacy package. Use iftex instead.
)
(c:/texlive/2019/texmf-dist/tex/generic/iftex/ifxetex.sty
Package: ifxetex 2019/10/25 v0.7 ifxetex legacy package. Use iftex instead.
)
\Gm@cnth=\count88
\Gm@cntv=\count89
\c@Gm@tempcnt=\count90
\Gm@bindingoffset=\dimen103
\Gm@wd@mp=\dimen104
\Gm@odd@mp=\dimen105
\Gm@even@mp=\dimen106
\Gm@layoutwidth=\dimen107
\Gm@layoutheight=\dimen108
\Gm@layouthoffset=\dimen109
\Gm@layoutvoffset=\dimen110
\Gm@dimlist=\toks17
)
(c:/texlive/2019/texmf-dist/tex/latex/amsmath/amsmath.sty
Package: amsmath 2019/11/16 v2.17d AMS math features
\@mathmargin=\skip43

For additional information on amsmath, use the `?' option.
(c:/texlive/2019/texmf-dist/tex/latex/amsmath/amstext.sty
Package: amstext 2000/06/29 v2.01 AMS text

(c:/texlive/2019/texmf-dist/tex/latex/amsmath/amsgen.sty
File: amsgen.sty 1999/11/30 v2.0 generic functions
\@emptytoks=\toks18
\ex@=\dimen111
))
(c:/texlive/2019/texmf-dist/tex/latex/amsmath/amsbsy.sty
Package: amsbsy 1999/11/29 v1.2d Bold Symbols
\pmbraise@=\dimen112
)
(c:/texlive/2019/texmf-dist/tex/latex/amsmath/amsopn.sty
Package: amsopn 2016/03/08 v2.02 operator names
)
\inf@bad=\count91
LaTeX Info: Redefining \frac on input line 227.
\uproot@=\count92
\leftroot@=\count93
LaTeX Info: Redefining \overline on input line 389.
\classnum@=\count94
\DOTSCASE@=\count95
LaTeX Info: Redefining \ldots on input line 486.
LaTeX Info: Redefining \dots on input line 489.
LaTeX Info: Redefining \cdots on input line 610.
\Mathstrutbox@=\box27
\strutbox@=\box28
\big@size=\dimen113
LaTeX Font Info:    Redeclaring font encoding OML on input line 733.
LaTeX Font Info:    Redeclaring font encoding OMS on input line 734.
\macc@depth=\count96
\c@MaxMatrixCols=\count97
\dotsspace@=\muskip10
\c@parentequation=\count98
\dspbrk@lvl=\count99
\tag@help=\toks19
\row@=\count100
\column@=\count101
\maxfields@=\count102
\andhelp@=\toks20
\eqnshift@=\dimen114
\alignsep@=\dimen115
\tagshift@=\dimen116
\tagwidth@=\dimen117
\totwidth@=\dimen118
\lineht@=\dimen119
\@envbody=\toks21
\multlinegap=\skip44
\multlinetaggap=\skip45
\mathdisplay@stack=\toks22
LaTeX Info: Redefining \[ on input line 2858.
LaTeX Info: Redefining \] on input line 2859.
)
(c:/texlive/2019/texmf-dist/tex/latex/amsfonts/amssymb.sty
Package: amssymb 2013/01/14 v3.01 AMS font symbols

(c:/texlive/2019/texmf-dist/tex/latex/amsfonts/amsfonts.sty
Package: amsfonts 2013/01/14 v3.01 Basic AMSFonts support
\symAMSa=\mathgroup4
\symAMSb=\mathgroup5
LaTeX Font Info:    Redeclaring math symbol \hbar on input line 98.
LaTeX Font Info:    Overwriting math alphabet `\mathfrak' in version `bold'
(Font)                  U/euf/m/n --> U/euf/b/n on input line 106.
))
(c:/texlive/2019/texmf-dist/tex/latex/cancel/cancel.sty
Package: cancel 2013/04/12 v2.2 Cancel math terms
)
(c:/texlive/2019/texmf-dist/tex/latex/graphics/graphicx.sty
Package: graphicx 2017/06/01 v1.1a Enhanced LaTeX Graphics (DPC,SPQR)

(c:/texlive/2019/texmf-dist/tex/latex/graphics/graphics.sty
Package: graphics 2019/11/01 v1.3d Standard LaTeX Graphics (DPC,SPQR)

(c:/texlive/2019/texmf-dist/tex/latex/graphics/trig.sty
Package: trig 2016/01/03 v1.10 sin cos tan (DPC)
)
(c:/texlive/2019/texmf-dist/tex/latex/graphics-cfg/graphics.cfg
File: graphics.cfg 2016/06/04 v1.11 sample graphics configuration
)
Package graphics Info: Driver file: pdftex.def on input line 105.

(c:/texlive/2019/texmf-dist/tex/latex/graphics-def/pdftex.def
File: pdftex.def 2018/01/08 v1.0l Graphics/color driver for pdftex
))
\Gin@req@height=\dimen120
\Gin@req@width=\dimen121
)
(./lezione8.aux)
\openout1 = `lezione8.aux'.

LaTeX Font Info:    Checking defaults for OML/cmm/m/it on input line 10.
LaTeX Font Info:    ... okay on input line 10.
LaTeX Font Info:    Checking defaults for T1/cmr/m/n on input line 10.
LaTeX Font Info:    ... okay on input line 10.
LaTeX Font Info:    Checking defaults for OT1/cmr/m/n on input line 10.
LaTeX Font Info:    ... okay on input line 10.
LaTeX Font Info:    Checking defaults for OMS/cmsy/m/n on input line 10.
LaTeX Font Info:    ... okay on input line 10.
LaTeX Font Info:    Checking defaults for OMX/cmex/m/n on input line 10.
LaTeX Font Info:    ... okay on input line 10.
LaTeX Font Info:    Checking defaults for U/cmr/m/n on input line 10.
LaTeX Font Info:    ... okay on input line 10.

*geometry* driver: auto-detecting
*geometry* detected driver: pdftex
*geometry* verbose mode - [ preamble ] result:
* driver: pdftex
* paper: <default>
* layout: <same size as paper>
* layoutoffset:(h,v)=(0.0pt,0.0pt)
* modes: 
* h-part:(L,W,R)=(42.67912pt, 528.93675pt, 42.67912pt)
* v-part:(T,H,B)=(42.67912pt, 709.61174pt, 42.67912pt)
* \paperwidth=614.295pt
* \paperheight=794.96999pt
* \textwidth=528.93675pt
* \textheight=709.61174pt
* \oddsidemargin=-29.59087pt
* \evensidemargin=-29.59087pt
* \topmargin=-66.59087pt
* \headheight=12.0pt
* \headsep=25.0pt
* \topskip=12.0pt
* \footskip=30.0pt
* \marginparwidth=44.0pt
* \marginparsep=10.0pt
* \columnsep=10.0pt
* \skip\footins=10.8pt plus 4.0pt minus 2.0pt
* \hoffset=0.0pt
* \voffset=0.0pt
* \mag=1000
* \@twocolumnfalse
* \@twosidefalse
* \@mparswitchfalse
* \@reversemarginfalse
* (1in=72.27pt=25.4mm, 1cm=28.453pt)

(c:/texlive/2019/texmf-dist/tex/context/base/mkii/supp-pdf.mkii
[Loading MPS to PDF converter (version 2006.09.02).]
\scratchcounter=\count103
\scratchdimen=\dimen122
\scratchbox=\box29
\nofMPsegments=\count104
\nofMParguments=\count105
\everyMPshowfont=\toks23
\MPscratchCnt=\count106
\MPscratchDim=\dimen123
\MPnumerator=\count107
\makeMPintoPDFobject=\count108
\everyMPtoPDFconversion=\toks24
) (c:/texlive/2019/texmf-dist/tex/latex/epstopdf-pkg/epstopdf-base.sty
Package: epstopdf-base 2019-12-09 v2.10 Base part for package epstopdf
Package epstopdf-base Info: Redefining graphics rule for `.eps' on input line 4
85.

(c:/texlive/2019/texmf-dist/tex/latex/latexconfig/epstopdf-sys.cfg
File: epstopdf-sys.cfg 2010/07/13 v1.3 Configuration of (r)epstopdf for TeX Liv
e
))
Overfull \hbox (1.9146pt too wide) in paragraph at lines 11--11
[]\OT1/cmr/bx/n/17.28 LEZIONE 8: IN-TRO-DUZIONE ALLA SOLUZIONE NU-MER-
 []


Overfull \hbox (23.49036pt too wide) in paragraph at lines 11--11
\OT1/cmr/bx/n/17.28 ICA DI EQUAZIONI NON LIN-EARI, METODO DI BISEZIONE 
 []

LaTeX Font Info:    Trying to load font information for OMS+cmr on input line 1
4.
(c:/texlive/2019/texmf-dist/tex/latex/base/omscmr.fd
File: omscmr.fd 2014/09/29 v2.5h Standard LaTeX font definitions
)
LaTeX Font Info:    Font shape `OMS/cmr/m/n' in size <12> not available
(Font)              Font shape `OMS/cmsy/m/n' tried instead on input line 14.


LaTeX Font Warning: Font shape `OT1/cmr/m/n' in size <13> not available
(Font)              size <12> substituted on input line 14.


LaTeX Font Warning: Font shape `OML/cmm/m/it' in size <13> not available
(Font)              size <12> substituted on input line 14.


LaTeX Font Warning: Font shape `OMS/cmsy/m/n' in size <13> not available
(Font)              size <12> substituted on input line 14.

LaTeX Font Info:    Trying to load font information for U+msa on input line 14.

(c:/texlive/2019/texmf-dist/tex/latex/amsfonts/umsa.fd
File: umsa.fd 2013/01/14 v3.01 AMS symbols A
)
LaTeX Font Info:    Trying to load font information for U+msb on input line 14.


(c:/texlive/2019/texmf-dist/tex/latex/amsfonts/umsb.fd
File: umsb.fd 2013/01/14 v3.01 AMS symbols B
)
<1.JPG, id=1, 349.305pt x 127.97812pt>
File: 1.JPG Graphic file (type jpg)
<use 1.JPG>
Package pdftex.def Info: 1.JPG  used on input line 19.
(pdftex.def)             Requested size: 264.46837pt x 96.90115pt.
<2.JPG, id=2, 188.95593pt x 70.76437pt>
File: 2.JPG Graphic file (type jpg)
<use 2.JPG>
Package pdftex.def Info: 2.JPG  used on input line 25.
(pdftex.def)             Requested size: 158.68263pt x 59.42761pt.
<3.JPG, id=3, 353.06906pt x 173.14688pt>
File: 3.JPG Graphic file (type jpg)
<use 3.JPG>
Package pdftex.def Info: 3.JPG  used on input line 29.
(pdftex.def)             Requested size: 264.46837pt x 129.69867pt.
<4.JPG, id=4, 345.54094pt x 171.64125pt>
File: 4.JPG Graphic file (type jpg)
<use 4.JPG>
Package pdftex.def Info: 4.JPG  used on input line 33.
(pdftex.def)             Requested size: 264.46837pt x 131.3732pt.
 [1

{c:/texlive/2019/texmf-var/fonts/map/pdftex/updmap/pdftex.map} <./1.JPG> <./2.J
PG> <./3.JPG>]
<5.jpg, id=14, 347.04657pt x 240.9pt>
File: 5.jpg Graphic file (type jpg)
<use 5.jpg>
Package pdftex.def Info: 5.jpg  used on input line 58.
(pdftex.def)             Requested size: 158.68263pt x 110.15001pt.

Underfull \hbox (badness 10000) in paragraph at lines 60--63

 []

<pagina8_1.png, id=15, 191.21437pt x 85.82062pt>
File: pagina8_1.png Graphic file (type png)
<use pagina8_1.png>
Package pdftex.def Info: pagina8_1.png  used on input line 81.
(pdftex.def)             Requested size: 158.68263pt x 71.22322pt.
[2 <./4.JPG> <./5.jpg>]
<im_pag10.png, id=21, 838.13126pt x 379.4175pt>
File: im_pag10.png Graphic file (type png)
<use im_pag10.png>
Package pdftex.def Info: im_pag10.png  used on input line 92.
(pdftex.def)             Requested size: 264.46837pt x 119.71977pt.
 [3 <./pagina8_1.png> <./im_pag10.png>]
<6.png, id=27, 509.905pt x 136.51pt>
File: 6.png Graphic file (type png)
<use 6.png>
Package pdftex.def Info: 6.png  used on input line 119.
(pdftex.def)             Requested size: 264.46837pt x 70.80646pt.
 [4 <./6.png>]
Underfull \hbox (badness 10000) in paragraph at lines 149--151

 []


Underfull \hbox (badness 10000) in paragraph at lines 154--155

 []

<grafo4.png, id=33, 499.8675pt x 178.86826pt>
File: grafo4.png Graphic file (type png)
<use grafo4.png>
Package pdftex.def Info: grafo4.png  used on input line 156.
(pdftex.def)             Requested size: 317.36526pt x 113.56642pt.

Overfull \hbox (1.18414pt too wide) in paragraph at lines 158--166
\OT1/cmr/m/n/12 Nel sec-ondo caso il residuo ^^Re grande ma l'errore ^^Re pic-c
olo (cio^^Re il residuo ^^Re una $[]$ dell'errore). 
 []


Overfull \hbox (16.91035pt too wide) in paragraph at lines 158--166
\OT1/cmr/m/n/12 di aver ap-prossi-mato la quan-tit^^Sa lim-ite a meno della tol
ler-anza e in-vece $[]$. 
 []


Underfull \hbox (badness 10000) in paragraph at lines 158--166

 []

[5 <./grafo4.PNG>]
<pag25.png, id=39, 413.74574pt x 68.6565pt>
File: pag25.png Graphic file (type png)
<use pag25.png>
Package pdftex.def Info: pag25.png  used on input line 169.
(pdftex.def)             Requested size: 413.74474pt x 68.65631pt.
 [6 <./pag25.png>]
Overfull \hbox (1.75095pt too wide) in paragraph at lines 206--209
\OMS/cmsy/m/n/12 j\OML/cmm/m/it/12 f[]\OT1/cmr/m/n/12 (\OML/cmm/m/it/12 ^^X\OT1
/cmr/m/n/12 )\OMS/cmsy/m/n/12 j$ \OT1/cmr/m/n/12 (no-ti-amo che nel residuo pe-
sato quello che in-ter-essa ^^Re es-sen-zial-mente $[]$ $[]$
 []


Underfull \hbox (badness 10000) in paragraph at lines 215--218

 []

<scatolanera.PNG, id=44, 414.95026pt x 75.8835pt>
File: scatolanera.PNG Graphic file (type png)
<use scatolanera.PNG>
Package pdftex.def Info: scatolanera.PNG  used on input line 219.
(pdftex.def)             Requested size: 211.57147pt x 38.6908pt.

Underfull \hbox (badness 10000) in paragraph at lines 221--222

 []

[7 <./scatolanera.PNG>]
<grafo3.png, id=51, 813.79031pt x 316.18124pt>
File: grafo3.png Graphic file (type png)
<use grafo3.png>
Package pdftex.def Info: grafo3.png  used on input line 233.
(pdftex.def)             Requested size: 211.57147pt x 82.20035pt.
 [8 <./grafo3.png>]
Underfull \hbox (badness 10000) in paragraph at lines 243--245

 []

<grafo2.png, id=56, 907.13907pt x 484.81125pt>
File: grafo2.png Graphic file (type png)
<use grafo2.png>
Package pdftex.def Info: grafo2.png  used on input line 246.
(pdftex.def)             Requested size: 264.46837pt x 141.3388pt.
[9 <./grafo2.png>] (./lezione8.aux)

LaTeX Font Warning: Size substitutions with differences
(Font)              up to 1.0pt have occurred.

 ) 
Here is how much of TeX's memory you used:
 2822 strings out of 492163
 35108 string characters out of 6129077
 109536 words of memory out of 5000000
 7164 multiletter control sequences out of 15000+600000
 7031 words of font info for 27 fonts, out of 8000000 for 9000
 1141 hyphenation exceptions out of 8191
 30i,9n,34p,779b,177s stack positions out of 5000i,500n,10000p,200000b,80000s
<c:/texlive/2019/texmf-dist/fonts/type1/public/amsfonts/cm/cmbx12.pfb><c:/tex
live/2019/texmf-dist/fonts/type1/public/amsfonts/cm/cmex10.pfb><c:/texlive/2019
/texmf-dist/fonts/type1/public/amsfonts/cm/cmmi10.pfb><c:/texlive/2019/texmf-di
st/fonts/type1/public/amsfonts/cm/cmmi12.pfb><c:/texlive/2019/texmf-dist/fonts/
type1/public/amsfonts/cm/cmr10.pfb><c:/texlive/2019/texmf-dist/fonts/type1/publ
ic/amsfonts/cm/cmr12.pfb><c:/texlive/2019/texmf-dist/fonts/type1/public/amsfont
s/cm/cmr6.pfb><c:/texlive/2019/texmf-dist/fonts/type1/public/amsfonts/cm/cmsy10
.pfb><c:/texlive/2019/texmf-dist/fonts/type1/public/amsfonts/symbols/msam10.pfb
><c:/texlive/2019/texmf-dist/fonts/type1/public/amsfonts/symbols/msbm10.pfb>
Output written on lezione8.pdf (9 pages, 441059 bytes).
PDF statistics:
 93 PDF objects out of 1000 (max. 8388607)
 53 compressed objects within 1 object stream
 0 named destinations out of 1000 (max. 500000)
 66 words of extra memory for PDF output out of 10000 (max. 10000000)

